<?xml version="1.0" encoding="UTF-8"?>
<!-- Generated by org.testng.reporters.JUnitReportReporter -->
<testsuite skipped="0" hostname="Desna-PC" name="com.kgs.testCases.LoginTest" tests="1" failures="0" timestamp="02 Oct 2019 04:24:40 GMT" time="4.035" errors="0">
  <testcase name="loginAsBankManager" time="4.035" classname="com.kgs.testCases.LoginTest"/>
</testsuite> <!-- com.kgs.testCases.LoginTest -->
