<?xml version="1.0" encoding="UTF-8"?>
<!-- Generated by org.testng.reporters.JUnitReportReporter -->
<testsuite skipped="0" hostname="Desna-PC" name="com.kgs.testCases.BankManagerLoginTest" tests="1" failures="0" timestamp="02 Oct 2019 06:52:34 GMT" time="3.604" errors="0">
  <testcase name="loginAsBankManager" time="3.604" classname="com.kgs.testCases.BankManagerLoginTest"/>
</testsuite> <!-- com.kgs.testCases.BankManagerLoginTest -->
