<?xml version="1.0" encoding="UTF-8"?>
<!-- Generated by org.testng.reporters.JUnitReportReporter -->
<testsuite skipped="1" hostname="Desna-PC" name="com.kgs.testCases.AddCustomerTest" tests="1" failures="0" timestamp="02 Oct 2019 15:11:02 GMT" time="0.000" errors="0">
  <testcase name="addCustomer" time="0.000" classname="com.kgs.testCases.AddCustomerTest">
    <skipped/>
  </testcase> <!-- addCustomer -->
</testsuite> <!-- com.kgs.testCases.AddCustomerTest -->
