<?xml version="1.0" encoding="UTF-8"?>
<!-- Generated by org.testng.reporters.JUnitReportReporter -->
<testsuite skipped="0" hostname="Desna-PC" name="com.kgs.testCases.BankManagerLoginTest" tests="1" failures="0" timestamp="02 Oct 2019 15:11:02 GMT" time="3.575" errors="0">
  <testcase name="loginAsBankManager" time="3.575" classname="com.kgs.testCases.BankManagerLoginTest"/>
</testsuite> <!-- com.kgs.testCases.BankManagerLoginTest -->
